[0.238s] Invoking command in '/home/earnest/camera_study/build/camera_app_msgs': CMAKE_PREFIX_PATH=${CMAKE_PREFIX_PATH}:/home/earnest/camera_study/install/camera_app:/opt/ros/humble /usr/bin/cmake --build /home/earnest/camera_study/build/camera_app_msgs -- -j12 -l12
[0.256s] -- Found ament_cmake: 1.3.8 (/opt/ros/humble/share/ament_cmake/cmake)
[0.360s] -- Found rosidl_default_generators: 1.2.0 (/opt/ros/humble/share/rosidl_default_generators/cmake)
[0.362s] -- Using all available rosidl_typesupport_c: rosidl_typesupport_fastrtps_c;rosidl_typesupport_introspection_c
[0.364s] -- Found rosidl_adapter: 3.1.5 (/opt/ros/humble/share/rosidl_adapter/cmake)
[0.391s] -- Using all available rosidl_typesupport_cpp: rosidl_typesupport_fastrtps_cpp;rosidl_typesupport_introspection_cpp
[0.557s] [31mCMake Error at /opt/ros/humble/share/rosidl_adapter/cmake/rosidl_adapt_interfaces.cmake:59 (message):
[0.557s]   execute_process(/usr/bin/python3 -m rosidl_adapter --package-name
[0.557s]   camera_app_msgs --arguments-file
[0.557s]   /home/earnest/camera_study/build/camera_app_msgs/rosidl_adapter__arguments__camera_app_msgs.json
[0.557s]   --output-dir
[0.557s]   /home/earnest/camera_study/build/camera_app_msgs/rosidl_adapter/camera_app_msgs
[0.557s]   --output-file
[0.558s]   /home/earnest/camera_study/build/camera_app_msgs/rosidl_adapter/camera_app_msgs.idls)
[0.558s]   returned error code 1:
[0.558s] 
[0.558s]   Traceback (most recent call last):
[0.558s] 
[0.558s]     File "/usr/lib/python3.10/runpy.py", line 196, in _run_module_as_main
[0.558s]       return _run_code(code, main_globals, None,
[0.558s]     File "/usr/lib/python3.10/runpy.py", line 86, in _run_code
[0.558s]       exec(code, run_globals)
[0.558s]     File "/opt/ros/humble/local/lib/python3.10/dist-packages/rosidl_adapter/__main__.py", line 19, in <module>
[0.558s]       sys.exit(main())
[0.558s]     File "/opt/ros/humble/local/lib/python3.10/dist-packages/rosidl_adapter/main.py", line 53, in main
[0.558s]       abs_idl_file = convert_to_idl(
[0.558s]     File "/opt/ros/humble/local/lib/python3.10/dist-packages/rosidl_adapter/__init__.py", line 24, in convert_to_idl
[0.558s]       return convert_srv_to_idl(
[0.558s]     File "/opt/ros/humble/local/lib/python3.10/dist-packages/rosidl_adapter/srv/__init__.py", line 28, in convert_srv_to_idl
[0.558s]       srv = parse_service_string(package_name, input_file.stem, content)
[0.558s]     File "/opt/ros/humble/local/lib/python3.10/dist-packages/rosidl_adapter/parser.py", line 859, in parse_service_string
[0.558s]       request_message = parse_message_string(
[0.558s]     File "/opt/ros/humble/local/lib/python3.10/dist-packages/rosidl_adapter/parser.py", line 544, in parse_message_string
[0.559s]       msg = MessageSpecification(pkg_name, msg_name, fields, constants)
[0.559s]     File "/opt/ros/humble/local/lib/python3.10/dist-packages/rosidl_adapter/parser.py", line 388, in __init__
[0.559s]       self.base_type = BaseType(
[0.559s]     File "/opt/ros/humble/local/lib/python3.10/dist-packages/rosidl_adapter/parser.py", line 205, in __init__
[0.559s]       raise InvalidResourceName(
[0.559s] 
[0.559s]   rosidl_adapter.parser.InvalidResourceName: 'capture_Request' is an invalid
[0.559s]   message name.  It should have the pattern '^[A-Z][A-Za-z0-9]*$'
[0.559s] 
[0.559s] Call Stack (most recent call first):
[0.559s]   /opt/ros/humble/share/rosidl_cmake/cmake/rosidl_generate_interfaces.cmake:130 (rosidl_adapt_interfaces)
[0.559s]   CMakeLists.txt:15 (rosidl_generate_interfaces)
[0.559s] 
[0.559s] [0m
[0.559s] -- Configuring incomplete, errors occurred!
[0.559s] See also "/home/earnest/camera_study/build/camera_app_msgs/CMakeFiles/CMakeOutput.log".
[0.561s] gmake: *** [Makefile:226: cmake_check_build_system] Error 1
[0.563s] Invoked command in '/home/earnest/camera_study/build/camera_app_msgs' returned '2': CMAKE_PREFIX_PATH=${CMAKE_PREFIX_PATH}:/home/earnest/camera_study/install/camera_app:/opt/ros/humble /usr/bin/cmake --build /home/earnest/camera_study/build/camera_app_msgs -- -j12 -l12
